
#4 ActionController::Filters::InstanceMethods.perform_action_without_benchmark 
   at line /opt/local/lib/ruby/gems/1.8/gems/actionpack-2.0.2/lib/action_controller/filters.rb:689
#5 Benchmark.perform_action_without_rescue(label#String) 
   at line /opt/local/lib/ruby/gems/1.8/gems/actionpack-2.0.2/lib/action_controller/benchmarking.rb:68
#6 ActionController::Benchmarking.perform_action_without_rescue 
   at line /opt/local/lib/ruby/gems/1.8/gems/actionpack-2.0.2/lib/action_controller/benchmarking.rb:68
#7 ActionController::Rescue.perform_action_without_caching 
   at line /opt/local/lib/ruby/gems/1.8/gems/actionpack-2.0.2/lib/action_controller/rescue.rb:199
#8 ActiveRecord::ConnectionAdapters::QueryCache.perform_action 
   at line /opt/local/lib/ruby/gems/1.8/gems/actionpack-2.0.2/lib/action_controller/caching.rb:678
#9 ActiveRecord::QueryCache.cache 
   at line /opt/local/lib/ruby/gems/1.8/gems/activerecord-2.0.2/lib/active_record/query_cache.rb:8
#10 ActionController::Caching::SqlCache.perform_action 
   at line /opt/local/lib/ruby/gems/1.8/gems/actionpack-2.0.2/lib/action_controller/caching.rb:677
#11 Kernel.send(request#ActionController::Cgi...) 
   at line /opt/local/lib/ruby/gems/1.8/gems/actionpack-2.0.2/lib/action_controller/base.rb:524
#12 ActionController::Base.process_without_filters(request#ActionController::Cgi...,...) 
   at line /opt/local/lib/ruby/gems/1.8/gems/actionpack-2.0.2/lib/action_controller/base.rb:524
#13 ActionController::Filters::InstanceMethods.process_without_session_management_support(request#ActionController::Cgi..., 
   at line /opt/local/lib/ruby/gems/1.8/gems/actionpack-2.0.2/lib/action_controller/filters.rb:685
#14 ActionController::SessionManagement.process(request#ActionController::Cgi...,...) 
   at line /opt/local/lib/ruby/gems/1.8/gems/actionpack-2.0.2/lib/action_controller/session_management.rb:123
#15 ActionController::Base.initialize(request#ActionController::Cgi..., response#ActionController::Cgi...,...) 
   at line /opt/local/lib/ruby/gems/1.8/gems/actionpack-2.0.2/lib/action_controller/base.rb:388
#16 ActionController::Dispatcher.handle_request 
   at line /opt/local/lib/ruby/gems/1.8/gems/actionpack-2.0.2/lib/action_controller/dispatcher.rb:171
#17 ActionController::Dispatcher.dispatch 
   at line /opt/local/lib/ruby/gems/1.8/gems/actionpack-2.0.2/lib/action_controller/dispatcher.rb:115
#18 ActionController::Dispatcher.dispatch_cgi(cgi#Mongrel::CGIWrapper, session_options#Hash,...) 
   at line /opt/local/lib/ruby/gems/1.8/gems/actionpack-2.0.2/lib/action_controller/dispatcher.rb:126
#19 ActionController::Dispatcher.new(cgi#Mongrel::CGIWrapper, session_options#Hash,...) 
   at line /opt/local/lib/ruby/gems/1.8/gems/actionpack-2.0.2/lib/action_controller/dispatcher.rb:9
#20 Mutex.process 
   at line /opt/local/lib/ruby/gems/1.8/gems/mongrel-1.1.3/lib/mongrel/rails.rb:76
#21 Mongrel::Rails::RailsHandler.process(request#Mongrel::HttpRequest, response#Mongrel::HttpResponse,...) 
   at line /opt/local/lib/ruby/gems/1.8/gems/mongrel-1.1.3/lib/mongrel/rails.rb:74
#22 Array.process_client 
   at line /opt/local/lib/ruby/gems/1.8/gems/mongrel-1.1.3/lib/mongrel.rb:159
#23 Mongrel::HttpServer.process_client(client#TCPSocket) 
   at line /opt/local/lib/ruby/gems/1.8/gems/mongrel-1.1.3/lib/mongrel.rb:158
#24 Mongrel::HttpServer.run 
   at line /opt/local/lib/ruby/gems/1.8/gems/mongrel-1.1.3/lib/mongrel.rb:285